<?xml version="1.0" encoding="UTF-8"?>
<!-- Generated by org.testng.reporters.JUnitXMLReporter -->
<testsuite ignored="0" hostname="DESKTOP-3N9QS2O" failures="2" tests="2" name="Test" time="6.101" errors="0" timestamp="2021-06-11T18:43:53 IST">
  <testcase classname="practise.AppiumFramework.Ecommerce_tc_4" name="totalValidation" time="3.024">
    <failure type="java.lang.NullPointerException" message="Cannot invoke &amp;quot;String.contains(java.lang.CharSequence)&amp;quot; because &amp;quot;device&amp;quot; is null">
      <![CDATA[java.lang.NullPointerException: Cannot invoke "String.contains(java.lang.CharSequence)" because "device" is null
at practise.AppiumFramework.base.capabilities(base.java:78)
at practise.AppiumFramework.Ecommerce_tc_4.totalValidation(Ecommerce_tc_4.java:27)
at java.base/java.util.ArrayList.forEach(ArrayList.java:1511)
... Removed 27 stack frames]]>
    </failure>
  </testcase> <!-- totalValidation -->
  <testcase classname="practise.AppiumFramework.Ecommerce_tc_4" name="totalValidation" time="3.038">
    <failure type="java.lang.NullPointerException" message="Cannot invoke &amp;quot;org.openqa.selenium.TakesScreenshot.getScreenshotAs(org.openqa.selenium.OutputType)&amp;quot; because &amp;quot;practise.AppiumFramework.base.driver&amp;quot; is null">
      <![CDATA[java.lang.NullPointerException: Cannot invoke "org.openqa.selenium.TakesScreenshot.getScreenshotAs(org.openqa.selenium.OutputType)" because "practise.AppiumFramework.base.driver" is null
at practise.AppiumFramework.base.getScreenshot(base.java:96)
at resources.Listeners.onTestFailure(Listeners.java:32)
at java.base/java.util.ArrayList.forEach(ArrayList.java:1511)
... Removed 24 stack frames]]>
    </failure>
  </testcase> <!-- totalValidation -->
</testsuite> <!-- Test -->
